C:\MAIN\PROJECTS\CRPG\STONEQUEST\DEBUG\SOURCE.OBJ
C:\MAIN\PROJECTS\CRPG\STONEQUEST\DEBUG\VC110.PDB
C:\MAIN\PROJECTS\CRPG\STONEQUEST\DEBUG\STONEQUEST.ILK
C:\MAIN\PROJECTS\CRPG\STONEQUEST\DEBUG\STONEQUEST.EXE
C:\MAIN\PROJECTS\CRPG\STONEQUEST\DEBUG\STONEQUEST.PDB
C:\Main\Projects\CRPG\StoneQuest\Debug\Source.obj
C:\Main\Projects\CRPG\StoneQuest\Debug\StoneQuest.ilk
C:\Main\Projects\CRPG\StoneQuest\Debug\cl.command.1.tlog
C:\Main\Projects\CRPG\StoneQuest\Debug\CL.read.1.tlog
C:\Main\Projects\CRPG\StoneQuest\Debug\CL.write.1.tlog
C:\Main\Projects\CRPG\StoneQuest\Debug\link-cvtres.read.1.tlog
C:\Main\Projects\CRPG\StoneQuest\Debug\link-cvtres.write.1.tlog
C:\Main\Projects\CRPG\StoneQuest\Debug\link-rc.read.1.tlog
C:\Main\Projects\CRPG\StoneQuest\Debug\link-rc.write.1.tlog
C:\Main\Projects\CRPG\StoneQuest\Debug\link.command.1.tlog
C:\Main\Projects\CRPG\StoneQuest\Debug\link.read.1.tlog
C:\Main\Projects\CRPG\StoneQuest\Debug\link.write.1.tlog
C:\Main\Projects\CRPG\StoneQuest\Debug\vc110.idb
C:\Main\Projects\CRPG\StoneQuest\Debug\StoneQuest.pdb
C:\Main\Projects\CRPG\StoneQuest\Debug\vc110.pdb
C:\Main\Projects\CRPG\StoneQuest\Debug\StoneQuest.exe
